_boot_Starlink__AST
_XS_Starlink__AST_AST__ALLFRAMES
_XS_Starlink__AST_AST__BAD
_XS_Starlink__AST_AST__BASE
_XS_Starlink__AST_AST__CURRENT
_XS_Starlink__AST_AST__NOFRAME
_XS_Starlink__AST_Annul
_XS_Starlink__AST_Begin
_XS_Starlink__AST_Clear
_XS_Starlink__AST_DESTROY
_XS_Starlink__AST_Delete
_XS_Starlink__AST_End
_XS_Starlink__AST_Escapes
_XS_Starlink__AST_Exempt
_XS_Starlink__AST_Export
_XS_Starlink__AST_GetC
_XS_Starlink__AST_GetD
_XS_Starlink__AST_GetI
_XS_Starlink__AST_HasAttribute
_XS_Starlink__AST_IntraReg
_XS_Starlink__AST_SetC
_XS_Starlink__AST_SetD
_XS_Starlink__AST_SetI
_XS_Starlink__AST_Show
_XS_Starlink__AST_Test
_XS_Starlink__AST_Version
_XS_Starlink__AST__Box_new
_XS_Starlink__AST__Channel_Write
_XS_Starlink__AST__Channel__Read
_XS_Starlink__AST__Channel__new
_XS_Starlink__AST__Circle_new
_XS_Starlink__AST__ClearStatus
_XS_Starlink__AST__Clone
_XS_Starlink__AST__CmpFrame_new
_XS_Starlink__AST__CmpMap_new
_XS_Starlink__AST__Copy
_XS_Starlink__AST__DSBSpecFrame_new
_XS_Starlink__AST__Ellipse_new
_XS_Starlink__AST__Error
_XS_Starlink__AST__FitsChan_DelFits
_XS_Starlink__AST__FitsChan_FindFits
_XS_Starlink__AST__FitsChan_PutCards
_XS_Starlink__AST__FitsChan_PutFits
_XS_Starlink__AST__FitsChan_SetFitsCF
_XS_Starlink__AST__FitsChan_SetFitsCI
_XS_Starlink__AST__FitsChan_SetFitsCN
_XS_Starlink__AST__FitsChan_SetFitsF
_XS_Starlink__AST__FitsChan_SetFitsI
_XS_Starlink__AST__FitsChan_SetFitsL
_XS_Starlink__AST__FitsChan_SetFitsS
_XS_Starlink__AST__FluxFrame_new
_XS_Starlink__AST__FrameSet_AddFrame
_XS_Starlink__AST__FrameSet_GetMapping
_XS_Starlink__AST__FrameSet_RemapFrame
_XS_Starlink__AST__FrameSet_RemoveFrame
_XS_Starlink__AST__FrameSet__GetFrame
_XS_Starlink__AST__FrameSet_new
_XS_Starlink__AST__Frame_Angle
_XS_Starlink__AST__Frame_AxAngle
_XS_Starlink__AST__Frame_AxDistance
_XS_Starlink__AST__Frame_AxOffset
_XS_Starlink__AST__Frame_Convert
_XS_Starlink__AST__Frame_Distance
_XS_Starlink__AST__Frame_FindFrame
_XS_Starlink__AST__Frame_Format
_XS_Starlink__AST__Frame_GetActiveUnit
_XS_Starlink__AST__Frame_Norm
_XS_Starlink__AST__Frame_Offset
_XS_Starlink__AST__Frame_Offset2
_XS_Starlink__AST__Frame_PermAxes
_XS_Starlink__AST__Frame_Resolve
_XS_Starlink__AST__Frame_SetActiveUnit
_XS_Starlink__AST__Frame_Unformat
_XS_Starlink__AST__Frame__PickAxes
_XS_Starlink__AST__Frame_new
_XS_Starlink__AST__Grf_GRF__COLOUR
_XS_Starlink__AST__Grf_GRF__ESBAC
_XS_Starlink__AST__Grf_GRF__ESC
_XS_Starlink__AST__Grf_GRF__ESCOL
_XS_Starlink__AST__Grf_GRF__ESFON
_XS_Starlink__AST__Grf_GRF__ESGAP
_XS_Starlink__AST__Grf_GRF__ESPER
_XS_Starlink__AST__Grf_GRF__ESPOP
_XS_Starlink__AST__Grf_GRF__ESPSH
_XS_Starlink__AST__Grf_GRF__ESSIZ
_XS_Starlink__AST__Grf_GRF__ESSTY
_XS_Starlink__AST__Grf_GRF__ESSUB
_XS_Starlink__AST__Grf_GRF__ESSUP
_XS_Starlink__AST__Grf_GRF__ESWID
_XS_Starlink__AST__Grf_GRF__FONT
_XS_Starlink__AST__Grf_GRF__LINE
_XS_Starlink__AST__Grf_GRF__MARK
_XS_Starlink__AST__Grf_GRF__MJUST
_XS_Starlink__AST__Grf_GRF__NATTR
_XS_Starlink__AST__Grf_GRF__SCALES
_XS_Starlink__AST__Grf_GRF__SIZE
_XS_Starlink__AST__Grf_GRF__STYLE
_XS_Starlink__AST__Grf_GRF__TEXT
_XS_Starlink__AST__Grf_GRF__WIDTH
_XS_Starlink__AST__GrismMap_new
_XS_Starlink__AST__Interval_new
_XS_Starlink__AST__IntraMap_new
_XS_Starlink__AST__KeyMap_AST__BADTYPE
_XS_Starlink__AST__KeyMap_AST__DOUBLETYPE
_XS_Starlink__AST__KeyMap_AST__FLOATTYPE
_XS_Starlink__AST__KeyMap_AST__INTTYPE
_XS_Starlink__AST__KeyMap_AST__OBJECTTYPE
_XS_Starlink__AST__KeyMap_AST__SINTTYPE
_XS_Starlink__AST__KeyMap_AST__STRINGTYPE
_XS_Starlink__AST__KeyMap_AST__UNDEFTYPE
_XS_Starlink__AST__KeyMap_MapDefined
_XS_Starlink__AST__KeyMap_MapGet0C
_XS_Starlink__AST__KeyMap_MapGet0D
_XS_Starlink__AST__KeyMap_MapGet0I
_XS_Starlink__AST__KeyMap_MapGet1C
_XS_Starlink__AST__KeyMap_MapGet1D
_XS_Starlink__AST__KeyMap_MapGet1I
_XS_Starlink__AST__KeyMap_MapHasKey
_XS_Starlink__AST__KeyMap_MapKey
_XS_Starlink__AST__KeyMap_MapLength
_XS_Starlink__AST__KeyMap_MapPut0A
_XS_Starlink__AST__KeyMap_MapPut0C
_XS_Starlink__AST__KeyMap_MapPut0D
_XS_Starlink__AST__KeyMap_MapPut0I
_XS_Starlink__AST__KeyMap_MapPut0S
_XS_Starlink__AST__KeyMap_MapPut1A
_XS_Starlink__AST__KeyMap_MapPut1C
_XS_Starlink__AST__KeyMap_MapPut1D
_XS_Starlink__AST__KeyMap_MapPut1I
_XS_Starlink__AST__KeyMap_MapPut1S
_XS_Starlink__AST__KeyMap_MapPutU
_XS_Starlink__AST__KeyMap_MapRemove
_XS_Starlink__AST__KeyMap_MapSize
_XS_Starlink__AST__KeyMap_MapType
_XS_Starlink__AST__KeyMap__MapGet0A
_XS_Starlink__AST__KeyMap__MapGet1A
_XS_Starlink__AST__KeyMap_new
_XS_Starlink__AST__LutMap_new
_XS_Starlink__AST__Mapping_Decompose
_XS_Starlink__AST__Mapping_Invert
_XS_Starlink__AST__Mapping_LinearApprox
_XS_Starlink__AST__Mapping_MapBox
_XS_Starlink__AST__Mapping_MapSplit
_XS_Starlink__AST__Mapping_Rate
_XS_Starlink__AST__Mapping_Simplify
_XS_Starlink__AST__Mapping_Tran1
_XS_Starlink__AST__Mapping_Tran2
_XS_Starlink__AST__Mapping_TranP
_XS_Starlink__AST__MathMap_new
_XS_Starlink__AST__MatrixMap_new
_XS_Starlink__AST__NullRegion_new
_XS_Starlink__AST__OK
_XS_Starlink__AST__PcdMap_new
_XS_Starlink__AST__PermMap_new
_XS_Starlink__AST__Plot_Border
_XS_Starlink__AST__Plot_BoundingBox
_XS_Starlink__AST__Plot_Clip
_XS_Starlink__AST__Plot_Curve
_XS_Starlink__AST__Plot_GenCurve
_XS_Starlink__AST__Plot_Grid
_XS_Starlink__AST__Plot_GridLine
_XS_Starlink__AST__Plot_Mark
_XS_Starlink__AST__Plot_PolyCurve
_XS_Starlink__AST__Plot_Text
_XS_Starlink__AST__Plot__new
_XS_Starlink__AST__PolyMap_new
_XS_Starlink__AST__Polygon_new
_XS_Starlink__AST__RateMap_new
_XS_Starlink__AST__Region_AST__AND
_XS_Starlink__AST__Region_AST__OR
_XS_Starlink__AST__Region_CmpRegion
_XS_Starlink__AST__Region_GetRegionBounds
_XS_Starlink__AST__Region_GetRegionFrame
_XS_Starlink__AST__Region_MapRegion
_XS_Starlink__AST__Region_MaskD
_XS_Starlink__AST__Region_Negate
_XS_Starlink__AST__Region_Overlap
_XS_Starlink__AST__Region_SetUnc
_XS_Starlink__AST__Set
_XS_Starlink__AST__SetStatus
_XS_Starlink__AST__ShiftMap_new
_XS_Starlink__AST__SkyFrame_new
_XS_Starlink__AST__SlaMap_Add
_XS_Starlink__AST__SlaMap_new
_XS_Starlink__AST__SpecFluxFrame_new
_XS_Starlink__AST__SpecFrame_GetRefPos
_XS_Starlink__AST__SpecFrame_SetRefPos
_XS_Starlink__AST__SpecFrame_new
_XS_Starlink__AST__SpecMap_Add
_XS_Starlink__AST__SpecMap_new
_XS_Starlink__AST__SphMap_new
_XS_Starlink__AST__Status
_XS_Starlink__AST__Status_AST__ATGER
_XS_Starlink__AST__Status_AST__ATSER
_XS_Starlink__AST__Status_AST__ATTIN
_XS_Starlink__AST__Status_AST__AXIIN
_XS_Starlink__AST__Status_AST__BADAT
_XS_Starlink__AST__Status_AST__BADBX
_XS_Starlink__AST__Status_AST__BADCI
_XS_Starlink__AST__Status_AST__BADIN
_XS_Starlink__AST__Status_AST__BADNI
_XS_Starlink__AST__Status_AST__BADNO
_XS_Starlink__AST__Status_AST__BADOC
_XS_Starlink__AST__Status_AST__BADPW
_XS_Starlink__AST__Status_AST__BADSM
_XS_Starlink__AST__Status_AST__BADUN
_XS_Starlink__AST__Status_AST__BADWM
_XS_Starlink__AST__Status_AST__BDBRK
_XS_Starlink__AST__Status_AST__BDFMT
_XS_Starlink__AST__Status_AST__BDFTS
_XS_Starlink__AST__Status_AST__BDOBJ
_XS_Starlink__AST__Status_AST__CLPAX
_XS_Starlink__AST__Status_AST__COMIN
_XS_Starlink__AST__Status_AST__CONIN
_XS_Starlink__AST__Status_AST__CORNG
_XS_Starlink__AST__Status_AST__CVBRK
_XS_Starlink__AST__Status_AST__DIMIN
_XS_Starlink__AST__Status_AST__DTERR
_XS_Starlink__AST__Status_AST__DUVAR
_XS_Starlink__AST__Status_AST__ENDIN
_XS_Starlink__AST__Status_AST__EOCHN
_XS_Starlink__AST__Status_AST__EXPIN
_XS_Starlink__AST__Status_AST__FCRPT
_XS_Starlink__AST__Status_AST__FMTER
_XS_Starlink__AST__Status_AST__FRMIN
_XS_Starlink__AST__Status_AST__FRSIN
_XS_Starlink__AST__Status_AST__FTCNV
_XS_Starlink__AST__Status_AST__GBDIN
_XS_Starlink__AST__Status_AST__GRFER
_XS_Starlink__AST__Status_AST__ILOST
_XS_Starlink__AST__Status_AST__INHAN
_XS_Starlink__AST__Status_AST__INNCO
_XS_Starlink__AST__Status_AST__INNTF
_XS_Starlink__AST__Status_AST__INTER
_XS_Starlink__AST__Status_AST__INTRD
_XS_Starlink__AST__Status_AST__ITFER
_XS_Starlink__AST__Status_AST__ITFNI
_XS_Starlink__AST__Status_AST__LDERR
_XS_Starlink__AST__Status_AST__LUTII
_XS_Starlink__AST__Status_AST__LUTIN
_XS_Starlink__AST__Status_AST__MBBNF
_XS_Starlink__AST__Status_AST__MEMIN
_XS_Starlink__AST__Status_AST__MIOPA
_XS_Starlink__AST__Status_AST__MIOPR
_XS_Starlink__AST__Status_AST__MISVN
_XS_Starlink__AST__Status_AST__MLPAR
_XS_Starlink__AST__Status_AST__MPGER
_XS_Starlink__AST__Status_AST__MPIND
_XS_Starlink__AST__Status_AST__MRITF
_XS_Starlink__AST__Status_AST__MRPAR
_XS_Starlink__AST__Status_AST__MTR23
_XS_Starlink__AST__Status_AST__MTRAX
_XS_Starlink__AST__Status_AST__MTRML
_XS_Starlink__AST__Status_AST__MTRMT
_XS_Starlink__AST__Status_AST__NAXIN
_XS_Starlink__AST__Status_AST__NCHIN
_XS_Starlink__AST__Status_AST__NCOIN
_XS_Starlink__AST__Status_AST__NCPIN
_XS_Starlink__AST__Status_AST__NELIN
_XS_Starlink__AST__Status_AST__NGDIN
_XS_Starlink__AST__Status_AST__NOCTS
_XS_Starlink__AST__Status_AST__NODEF
_XS_Starlink__AST__Status_AST__NOFTS
_XS_Starlink__AST__Status_AST__NOMEM
_XS_Starlink__AST__Status_AST__NOPTS
_XS_Starlink__AST__Status_AST__NORHS
_XS_Starlink__AST__Status_AST__NORSF
_XS_Starlink__AST__Status_AST__NOSOR
_XS_Starlink__AST__Status_AST__NOWRT
_XS_Starlink__AST__Status_AST__NPTIN
_XS_Starlink__AST__Status_AST__OBJIN
_XS_Starlink__AST__Status_AST__OCLUK
_XS_Starlink__AST__Status_AST__OPT
_XS_Starlink__AST__Status_AST__PATIN
_XS_Starlink__AST__Status_AST__PDSIN
_XS_Starlink__AST__Status_AST__PLFMT
_XS_Starlink__AST__Status_AST__PRMIN
_XS_Starlink__AST__Status_AST__PTRIN
_XS_Starlink__AST__Status_AST__PTRNG
_XS_Starlink__AST__Status_AST__RDERR
_XS_Starlink__AST__Status_AST__REGIN
_XS_Starlink__AST__Status_AST__REMIN
_XS_Starlink__AST__Status_AST__SCSIN
_XS_Starlink__AST__Status_AST__SELIN
_XS_Starlink__AST__Status_AST__SISIN
_XS_Starlink__AST__Status_AST__SLAIN
_XS_Starlink__AST__Status_AST__SPCIN
_XS_Starlink__AST__Status_AST__SSPIN
_XS_Starlink__AST__Status_AST__TRNND
_XS_Starlink__AST__Status_AST__UDVOF
_XS_Starlink__AST__Status_AST__UINER
_XS_Starlink__AST__Status_AST__UK1ER
_XS_Starlink__AST__Status_AST__UNFER
_XS_Starlink__AST__Status_AST__UNMQT
_XS_Starlink__AST__Status_AST__URITF
_XS_Starlink__AST__Status_AST__VARIN
_XS_Starlink__AST__Status_AST__VSMAL
_XS_Starlink__AST__Status_AST__WCSAX
_XS_Starlink__AST__Status_AST__WCSNC
_XS_Starlink__AST__Status_AST__WCSPA
_XS_Starlink__AST__Status_AST__WCSTY
_XS_Starlink__AST__Status_AST__WRNFA
_XS_Starlink__AST__Status_AST__XMLCM
_XS_Starlink__AST__Status_AST__XMLIT
_XS_Starlink__AST__Status_AST__XMLNM
_XS_Starlink__AST__Status_AST__XMLPT
_XS_Starlink__AST__Status_AST__XMLWF
_XS_Starlink__AST__Status_AST__XSOBJ
_XS_Starlink__AST__Status_AST__ZERAX
_XS_Starlink__AST__Status_AST__ZOOMI
_XS_Starlink__AST__Status_value
_XS_Starlink__AST__TimeFrame_new
_XS_Starlink__AST__TimeMap_new
_XS_Starlink__AST__TranMap_new
_XS_Starlink__AST__UnitMap_new
_XS_Starlink__AST__WcsMap_AST__AIR
_XS_Starlink__AST__WcsMap_AST__AIT
_XS_Starlink__AST__WcsMap_AST__ARC
_XS_Starlink__AST__WcsMap_AST__AZP
_XS_Starlink__AST__WcsMap_AST__BON
_XS_Starlink__AST__WcsMap_AST__CAR
_XS_Starlink__AST__WcsMap_AST__CEA
_XS_Starlink__AST__WcsMap_AST__COD
_XS_Starlink__AST__WcsMap_AST__COE
_XS_Starlink__AST__WcsMap_AST__COO
_XS_Starlink__AST__WcsMap_AST__COP
_XS_Starlink__AST__WcsMap_AST__CSC
_XS_Starlink__AST__WcsMap_AST__CYP
_XS_Starlink__AST__WcsMap_AST__GLS
_XS_Starlink__AST__WcsMap_AST__MER
_XS_Starlink__AST__WcsMap_AST__MOL
_XS_Starlink__AST__WcsMap_AST__NCP
_XS_Starlink__AST__WcsMap_AST__PAR
_XS_Starlink__AST__WcsMap_AST__PCO
_XS_Starlink__AST__WcsMap_AST__QSC
_XS_Starlink__AST__WcsMap_AST__SFL
_XS_Starlink__AST__WcsMap_AST__SIN
_XS_Starlink__AST__WcsMap_AST__STG
_XS_Starlink__AST__WcsMap_AST__SZP
_XS_Starlink__AST__WcsMap_AST__TAN
_XS_Starlink__AST__WcsMap_AST__TPN
_XS_Starlink__AST__WcsMap_AST__TSC
_XS_Starlink__AST__WcsMap_AST__WCSBAD
_XS_Starlink__AST__WcsMap_AST__ZEA
_XS_Starlink__AST__WcsMap_AST__ZPN
_XS_Starlink__AST__WcsMap_new
_XS_Starlink__AST__WinMap_new
_XS_Starlink__AST__ZoomMap_new
